<?xml version="1.0" encoding="UTF-8"?>
<!-- Generated by org.testng.reporters.JUnitReportReporter -->
<testsuite hostname="Abhisheks-MacBook-Air.local" failures="0" tests="1" name="abhishektestnet.seleniumFrameworkDesign.tests.SubmitOrderTest" time="11.203" errors="0" timestamp="2024-03-27T19:31:05 IST" skipped="0">
  <testcase classname="abhishektestnet.seleniumFrameworkDesign.tests.SubmitOrderTest" name="SubmitOrderTest" time="11.203"/>
  <system-out/>
</testsuite> <!-- abhishektestnet.seleniumFrameworkDesign.tests.SubmitOrderTest -->
