<?xml version="1.0" encoding="UTF-8"?>
<!-- Generated by org.testng.reporters.JUnitReportReporter -->
<testsuite hostname="Abhisheks-MacBook-Air.local" failures="0" tests="1" name="abhishektestnet.seleniumFrameworkDesign.StandaloneTest" time="2.233" errors="0" timestamp="2024-03-26T19:51:18 IST" skipped="0">
  <testcase classname="abhishektestnet.seleniumFrameworkDesign.StandaloneTest" name="SubmitOrderTest" time="2.233"/>
  <system-out/>
</testsuite> <!-- abhishektestnet.seleniumFrameworkDesign.StandaloneTest -->
