<?xml version="1.0" encoding="UTF-8"?>
<!-- Generated by org.testng.reporters.JUnitReportReporter -->
<testsuite hostname="Abhisheks-MacBook-Air.local" failures="0" tests="2" name="abhishektestnet.seleniumFrameworkDesign.tests.SubmitOrderTest" time="13.162" errors="0" timestamp="2024-03-28T01:55:37 IST" skipped="0">
  <testcase classname="abhishektestnet.seleniumFrameworkDesign.tests.SubmitOrderTest" name="submitOrderTest" time="7.056"/>
  <system-out/>
  <testcase classname="abhishektestnet.seleniumFrameworkDesign.tests.SubmitOrderTest" name="submitOrderTest" time="6.106"/>
  <system-out/>
</testsuite> <!-- abhishektestnet.seleniumFrameworkDesign.tests.SubmitOrderTest -->
