<?xml version="1.0" encoding="UTF-8"?>
<!-- Generated by org.testng.reporters.JUnitReportReporter -->
<testsuite hostname="Abhisheks-MacBook-Air.local" failures="0" tests="2" name="abhishektestnet.seleniumFrameworkDesign.tests.SubmitOrderTest" time="13.123" errors="0" timestamp="2024-03-28T01:49:02 IST" skipped="0">
  <testcase classname="abhishektestnet.seleniumFrameworkDesign.tests.SubmitOrderTest" name="submitOrderTest" time="6.102"/>
  <system-out/>
  <testcase classname="abhishektestnet.seleniumFrameworkDesign.tests.SubmitOrderTest" name="submitOrderTest" time="7.021"/>
  <system-out/>
</testsuite> <!-- abhishektestnet.seleniumFrameworkDesign.tests.SubmitOrderTest -->
