<?xml version="1.0" encoding="UTF-8"?>
<!-- Generated by org.testng.reporters.JUnitReportReporter -->
<testsuite hostname="Abhisheks-MacBook-Air.local" failures="0" tests="2" name="abhishektestnet.seleniumFrameworkDesign.tests.SubmitOrderTest" time="16.022" errors="0" timestamp="2024-03-28T01:42:28 IST" skipped="0">
  <testcase classname="abhishektestnet.seleniumFrameworkDesign.tests.SubmitOrderTest" name="submitOrderTest" time="7.137"/>
  <system-out/>
  <testcase classname="abhishektestnet.seleniumFrameworkDesign.tests.SubmitOrderTest" name="submitOrderTest" time="8.885"/>
  <system-out/>
</testsuite> <!-- abhishektestnet.seleniumFrameworkDesign.tests.SubmitOrderTest -->
