<?xml version="1.0" encoding="UTF-8"?>
<!-- Generated by org.testng.reporters.JUnitReportReporter -->
<testsuite hostname="Abhisheks-MacBook-Air.local" failures="0" tests="2" name="abhishektestnet.seleniumFrameworkDesign.tests.SubmitOrderTest" time="19.394" errors="0" timestamp="2024-03-27T21:46:34 IST" skipped="0">
  <testcase classname="abhishektestnet.seleniumFrameworkDesign.tests.SubmitOrderTest" name="SubmitOrderTest" time="10.408"/>
  <system-out/>
  <testcase classname="abhishektestnet.seleniumFrameworkDesign.tests.SubmitOrderTest" name="SubmitOrderTest" time="8.986"/>
  <system-out/>
</testsuite> <!-- abhishektestnet.seleniumFrameworkDesign.tests.SubmitOrderTest -->
