<?xml version="1.0" encoding="UTF-8"?>
<!-- Generated by org.testng.reporters.JUnitReportReporter -->
<testsuite hostname="Abhisheks-MacBook-Air.local" failures="0" tests="1" name="abhishektestnet.seleniumFrameworkDesign.tests.SubmitOrder" time="9.491" errors="0" timestamp="2024-03-27T18:55:15 IST" skipped="0">
  <testcase classname="abhishektestnet.seleniumFrameworkDesign.tests.SubmitOrder" name="SubmitOrderTest" time="9.491"/>
</testsuite> <!-- abhishektestnet.seleniumFrameworkDesign.tests.SubmitOrder -->
