<?xml version="1.0" encoding="UTF-8"?>
<!-- Generated by org.testng.reporters.JUnitReportReporter -->
<testsuite hostname="Abhisheks-MacBook-Air.local" failures="0" tests="1" name="abhishektestnet.seleniumFrameworkDesign.tests.LoginErrorValidationTest" time="3.218" errors="0" timestamp="2024-03-28T01:55:37 IST" skipped="0">
  <testcase classname="abhishektestnet.seleniumFrameworkDesign.tests.LoginErrorValidationTest" name="loginErrorValidation" time="3.218"/>
  <system-out/>
</testsuite> <!-- abhishektestnet.seleniumFrameworkDesign.tests.LoginErrorValidationTest -->
