<?xml version="1.0" encoding="UTF-8"?>
<!-- Generated by org.testng.reporters.JUnitReportReporter -->
<testsuite hostname="Abhisheks-MacBook-Air.local" failures="0" tests="1" name="abhishektestnet.seleniumFrameworkDesign.tests.LoginErrorValidationTest" time="4.284" errors="0" timestamp="2024-03-28T00:35:10 IST" skipped="0">
  <testcase classname="abhishektestnet.seleniumFrameworkDesign.tests.LoginErrorValidationTest" name="loginErrorValidation" time="4.284"/>
  <system-out/>
</testsuite> <!-- abhishektestnet.seleniumFrameworkDesign.tests.LoginErrorValidationTest -->
